<?xml version="1.0" encoding="UTF-8"?>
<!-- Generated by org.testng.reporters.JUnitReportReporter -->
<testsuite hostname="DESKTOP-003A55E" failures="0" tests="2" name="Test.Sequencing" time="0.011" errors="0" timestamp="2023-09-04T21:54:31 IDT" skipped="0">
  <testcase classname="Test.Sequencing" name="testCase2" time="0.004"/>
  <testcase classname="Test.Sequencing" name="testCase1" time="0.007"/>
</testsuite> <!-- Test.Sequencing -->
