<?xml version="1.0" encoding="UTF-8"?>
<!-- Generated by org.testng.reporters.JUnitReportReporter -->
<testsuite hostname="DESKTOP-003A55E" failures="0" tests="3" name="Test.ParameterByDataprovider" time="9.725" errors="0" timestamp="2023-09-06T16:47:16 IDT" skipped="0">
  <testcase classname="Test.ParameterByDataprovider" name="testMethod" time="3.184"/>
  <testcase classname="Test.ParameterByDataprovider" name="testMethod" time="3.343"/>
  <testcase classname="Test.ParameterByDataprovider" name="testMethod" time="3.198"/>
</testsuite> <!-- Test.ParameterByDataprovider -->
