<?xml version="1.0" encoding="UTF-8"?>
<!-- Generated by org.testng.reporters.JUnitReportReporter -->
<testsuite hostname="DESKTOP-003A55E" failures="0" tests="3" name="Test.Dependent" time="0.012" errors="0" timestamp="2023-09-04T22:18:16 IDT" skipped="0">
  <testcase classname="Test.Dependent" name="OpenBrowser" time="0.010"/>
  <testcase classname="Test.Dependent" name="SignIn" time="0.001"/>
  <testcase classname="Test.Dependent" name="LogOut" time="0.001"/>
</testsuite> <!-- Test.Dependent -->
