<?xml version="1.0" encoding="UTF-8"?>
<!-- Generated by org.testng.reporters.JUnitReportReporter -->
<testsuite hostname="DESKTOP-003A55E" failures="0" tests="3" name="Test.Priority$withPriority" time="0.015" errors="0" timestamp="2023-09-04T21:58:08 IDT" skipped="0">
  <testcase classname="Test.Priority$withPriority" name="c" time="0.010"/>
  <testcase classname="Test.Priority$withPriority" name="b" time="0.002"/>
  <testcase classname="Test.Priority$withPriority" name="a" time="0.003"/>
</testsuite> <!-- Test.Priority$withPriority -->
