<?xml version="1.0" encoding="UTF-8"?>
<!-- Generated by org.testng.reporters.JUnitReportReporter -->
<testsuite hostname="DESKTOP-003A55E" failures="0" tests="3" name="Test.Annotations_Sequence$withOutPriority" time="0.014" errors="0" timestamp="2023-09-04T21:54:55 IDT" skipped="0">
  <testcase classname="Test.Annotations_Sequence$withOutPriority" name="a" time="0.010"/>
  <testcase classname="Test.Annotations_Sequence$withOutPriority" name="b" time="0.002"/>
  <testcase classname="Test.Annotations_Sequence$withOutPriority" name="c" time="0.002"/>
</testsuite> <!-- Test.Annotations_Sequence$withOutPriority -->
