<?xml version="1.0" encoding="UTF-8"?>
<!-- Generated by org.testng.reporters.JUnitReportReporter -->
<testsuite hostname="DESKTOP-003A55E" failures="0" tests="1" name="Test.testParameterWithXML" time="10.534" errors="0" timestamp="2023-09-06T16:22:03 IDT" skipped="0">
  <testcase classname="Test.testParameterWithXML" name="testParameterWith_XML" time="10.534"/>
</testsuite> <!-- Test.testParameterWithXML -->
